Looking for git in: git
Using git 2.7.4 from git
> git rev-parse --show-toplevel
> git rev-parse --git-dir
> git config --get commit.template
Open repository: /home/iac-terraform-cloudbuild/solutions-terraform-cloudbuild-gitops
> git status -z -u
> git symbolic-ref --short HEAD
> git rev-parse dev
> git rev-parse --symbolic-full-name dev@{u}
> git rev-list --left-right dev...refs/remotes/origin/dev
> git for-each-ref --format %(refname) %(objectname) --sort -committerdate
> git remote --verbose
Failed to watch ref '/home/iac-terraform-cloudbuild/solutions-terraform-cloudbuild-gitops/.git/refs/remotes/origin/dev', is most likely packed.
Error: ENOENT: no such file or directory, watch '/home/iac-terraform-cloudbuild/solutions-terraform-cloudbuild-gitops/.git/refs/remotes/origin/dev'
	at FSWatcher.start (internal/fs/watchers.js:164:26)
	at Object.watch (fs.js:1232:11)
	at Object.t.watch (/usr/share/code/resources/app/extensions/git/dist/main.js:1:6950)
	at E.updateTransientWatchers (/usr/share/code/resources/app/extensions/git/dist/main.js:1:97463)
	at u.fire (/usr/share/code/resources/app/out/vs/workbench/services/extensions/node/extensionHostProcess.js:50:227)
	at T.updateModelState (/usr/share/code/resources/app/extensions/git/dist/main.js:1:114843)
> git check-ignore -v -z --stdin
> git status -z -u
> git symbolic-ref --short HEAD
> git rev-parse dev
> git rev-parse --symbolic-full-name dev@{u}
> git rev-list --left-right dev...refs/remotes/origin/dev
> git for-each-ref --format %(refname) %(objectname) --sort -committerdate
> git remote --verbose
Failed to watch ref '/home/iac-terraform-cloudbuild/solutions-terraform-cloudbuild-gitops/.git/refs/remotes/origin/dev', is most likely packed.
Error: ENOENT: no such file or directory, watch '/home/iac-terraform-cloudbuild/solutions-terraform-cloudbuild-gitops/.git/refs/remotes/origin/dev'
	at FSWatcher.start (internal/fs/watchers.js:164:26)
	at Object.watch (fs.js:1232:11)
	at Object.t.watch (/usr/share/code/resources/app/extensions/git/dist/main.js:1:6950)
	at E.updateTransientWatchers (/usr/share/code/resources/app/extensions/git/dist/main.js:1:97463)
	at u.fire (/usr/share/code/resources/app/out/vs/workbench/services/extensions/node/extensionHostProcess.js:50:227)
	at T.updateModelState (/usr/share/code/resources/app/extensions/git/dist/main.js:1:114843)
> git check-ignore -v -z --stdin
> git check-ignore -v -z --stdin
> git status -z -u
> git symbolic-ref --short HEAD
> git rev-parse dev
> git rev-parse --symbolic-full-name dev@{u}
> git rev-list --left-right dev...refs/remotes/origin/dev
> git for-each-ref --format %(refname) %(objectname) --sort -committerdate
> git remote --verbose
Failed to watch ref '/home/iac-terraform-cloudbuild/solutions-terraform-cloudbuild-gitops/.git/refs/remotes/origin/dev', is most likely packed.
Error: ENOENT: no such file or directory, watch '/home/iac-terraform-cloudbuild/solutions-terraform-cloudbuild-gitops/.git/refs/remotes/origin/dev'
	at FSWatcher.start (internal/fs/watchers.js:164:26)
	at Object.watch (fs.js:1232:11)
	at Object.t.watch (/usr/share/code/resources/app/extensions/git/dist/main.js:1:6950)
	at E.updateTransientWatchers (/usr/share/code/resources/app/extensions/git/dist/main.js:1:97463)
	at u.fire (/usr/share/code/resources/app/out/vs/workbench/services/extensions/node/extensionHostProcess.js:50:227)
	at T.updateModelState (/usr/share/code/resources/app/extensions/git/dist/main.js:1:114843)
> git show :environments/dev/backend.tf
> git show :environments/dev/main.tf
> git status -z -u
> git symbolic-ref --short HEAD
> git rev-parse dev
> git rev-parse --symbolic-full-name dev@{u}
> git rev-list --left-right dev...refs/remotes/origin/dev
> git for-each-ref --format %(refname) %(objectname) --sort -committerdate
> git remote --verbose
Failed to watch ref '/home/iac-terraform-cloudbuild/solutions-terraform-cloudbuild-gitops/.git/refs/remotes/origin/dev', is most likely packed.
Error: ENOENT: no such file or directory, watch '/home/iac-terraform-cloudbuild/solutions-terraform-cloudbuild-gitops/.git/refs/remotes/origin/dev'
	at FSWatcher.start (internal/fs/watchers.js:164:26)
	at Object.watch (fs.js:1232:11)
	at Object.t.watch (/usr/share/code/resources/app/extensions/git/dist/main.js:1:6950)
	at E.updateTransientWatchers (/usr/share/code/resources/app/extensions/git/dist/main.js:1:97463)
	at u.fire (/usr/share/code/resources/app/out/vs/workbench/services/extensions/node/extensionHostProcess.js:50:227)
	at T.updateModelState (/usr/share/code/resources/app/extensions/git/dist/main.js:1:114843)
> git status -z -u
> git symbolic-ref --short HEAD
> git rev-parse dev
> git rev-parse --symbolic-full-name dev@{u}
> git rev-list --left-right dev...refs/remotes/origin/dev
> git for-each-ref --format %(refname) %(objectname) --sort -committerdate
> git remote --verbose
Failed to watch ref '/home/iac-terraform-cloudbuild/solutions-terraform-cloudbuild-gitops/.git/refs/remotes/origin/dev', is most likely packed.
Error: ENOENT: no such file or directory, watch '/home/iac-terraform-cloudbuild/solutions-terraform-cloudbuild-gitops/.git/refs/remotes/origin/dev'
	at FSWatcher.start (internal/fs/watchers.js:164:26)
	at Object.watch (fs.js:1232:11)
	at Object.t.watch (/usr/share/code/resources/app/extensions/git/dist/main.js:1:6950)
	at E.updateTransientWatchers (/usr/share/code/resources/app/extensions/git/dist/main.js:1:97463)
	at u.fire (/usr/share/code/resources/app/out/vs/workbench/services/extensions/node/extensionHostProcess.js:50:227)
	at T.updateModelState (/usr/share/code/resources/app/extensions/git/dist/main.js:1:114843)
> git show :environments/dev/outputs.tf
> git status -z -u
> git symbolic-ref --short HEAD
> git rev-parse dev
> git rev-parse --symbolic-full-name dev@{u}
> git rev-list --left-right dev...refs/remotes/origin/dev
> git for-each-ref --format %(refname) %(objectname) --sort -committerdate
> git remote --verbose
Failed to watch ref '/home/iac-terraform-cloudbuild/solutions-terraform-cloudbuild-gitops/.git/refs/remotes/origin/dev', is most likely packed.
Error: ENOENT: no such file or directory, watch '/home/iac-terraform-cloudbuild/solutions-terraform-cloudbuild-gitops/.git/refs/remotes/origin/dev'
	at FSWatcher.start (internal/fs/watchers.js:164:26)
	at Object.watch (fs.js:1232:11)
	at Object.t.watch (/usr/share/code/resources/app/extensions/git/dist/main.js:1:6950)
	at E.updateTransientWatchers (/usr/share/code/resources/app/extensions/git/dist/main.js:1:97463)
	at u.fire (/usr/share/code/resources/app/out/vs/workbench/services/extensions/node/extensionHostProcess.js:50:227)
	at T.updateModelState (/usr/share/code/resources/app/extensions/git/dist/main.js:1:114843)
> git show :environments/dev/terraform.tfvars
> git show :environments/dev/variables.tf
> git status -z -u
> git symbolic-ref --short HEAD
> git rev-parse dev
> git rev-parse --symbolic-full-name dev@{u}
> git rev-list --left-right dev...refs/remotes/origin/dev
> git for-each-ref --format %(refname) %(objectname) --sort -committerdate
> git remote --verbose
Failed to watch ref '/home/iac-terraform-cloudbuild/solutions-terraform-cloudbuild-gitops/.git/refs/remotes/origin/dev', is most likely packed.
Error: ENOENT: no such file or directory, watch '/home/iac-terraform-cloudbuild/solutions-terraform-cloudbuild-gitops/.git/refs/remotes/origin/dev'
	at FSWatcher.start (internal/fs/watchers.js:164:26)
	at Object.watch (fs.js:1232:11)
	at Object.t.watch (/usr/share/code/resources/app/extensions/git/dist/main.js:1:6950)
	at E.updateTransientWatchers (/usr/share/code/resources/app/extensions/git/dist/main.js:1:97463)
	at u.fire (/usr/share/code/resources/app/out/vs/workbench/services/extensions/node/extensionHostProcess.js:50:227)
	at T.updateModelState (/usr/share/code/resources/app/extensions/git/dist/main.js:1:114843)
> git show :environments/dev/versions.tf
> git status -z -u
> git symbolic-ref --short HEAD
> git rev-parse dev
> git rev-parse --symbolic-full-name dev@{u}
> git rev-list --left-right dev...refs/remotes/origin/dev
> git for-each-ref --format %(refname) %(objectname) --sort -committerdate
> git remote --verbose
Failed to watch ref '/home/iac-terraform-cloudbuild/solutions-terraform-cloudbuild-gitops/.git/refs/remotes/origin/dev', is most likely packed.
Error: ENOENT: no such file or directory, watch '/home/iac-terraform-cloudbuild/solutions-terraform-cloudbuild-gitops/.git/refs/remotes/origin/dev'
	at FSWatcher.start (internal/fs/watchers.js:164:26)
	at Object.watch (fs.js:1232:11)
	at Object.t.watch (/usr/share/code/resources/app/extensions/git/dist/main.js:1:6950)
	at E.updateTransientWatchers (/usr/share/code/resources/app/extensions/git/dist/main.js:1:97463)
	at u.fire (/usr/share/code/resources/app/out/vs/workbench/services/extensions/node/extensionHostProcess.js:50:227)
	at T.updateModelState (/usr/share/code/resources/app/extensions/git/dist/main.js:1:114843)
> git check-ignore -v -z --stdin
> git check-ignore -v -z --stdin
> git status -z -u
> git symbolic-ref --short HEAD
> git rev-parse dev
> git rev-parse --symbolic-full-name dev@{u}
> git rev-list --left-right dev...refs/remotes/origin/dev
> git for-each-ref --format %(refname) %(objectname) --sort -committerdate
> git remote --verbose
Failed to watch ref '/home/iac-terraform-cloudbuild/solutions-terraform-cloudbuild-gitops/.git/refs/remotes/origin/dev', is most likely packed.
Error: ENOENT: no such file or directory, watch '/home/iac-terraform-cloudbuild/solutions-terraform-cloudbuild-gitops/.git/refs/remotes/origin/dev'
	at FSWatcher.start (internal/fs/watchers.js:164:26)
	at Object.watch (fs.js:1232:11)
	at Object.t.watch (/usr/share/code/resources/app/extensions/git/dist/main.js:1:6950)
	at E.updateTransientWatchers (/usr/share/code/resources/app/extensions/git/dist/main.js:1:97463)
	at u.fire (/usr/share/code/resources/app/out/vs/workbench/services/extensions/node/extensionHostProcess.js:50:227)
	at T.updateModelState (/usr/share/code/resources/app/extensions/git/dist/main.js:1:114843)
> git show :cloudbuild.yaml
> git status -z -u
> git symbolic-ref --short HEAD
> git rev-parse dev
> git rev-parse --symbolic-full-name dev@{u}
> git rev-list --left-right dev...refs/remotes/origin/dev
> git for-each-ref --format %(refname) %(objectname) --sort -committerdate
> git remote --verbose
Failed to watch ref '/home/iac-terraform-cloudbuild/solutions-terraform-cloudbuild-gitops/.git/refs/remotes/origin/dev', is most likely packed.
Error: ENOENT: no such file or directory, watch '/home/iac-terraform-cloudbuild/solutions-terraform-cloudbuild-gitops/.git/refs/remotes/origin/dev'
	at FSWatcher.start (internal/fs/watchers.js:164:26)
	at Object.watch (fs.js:1232:11)
	at Object.t.watch (/usr/share/code/resources/app/extensions/git/dist/main.js:1:6950)
	at E.updateTransientWatchers (/usr/share/code/resources/app/extensions/git/dist/main.js:1:97463)
	at u.fire (/usr/share/code/resources/app/out/vs/workbench/services/extensions/node/extensionHostProcess.js:50:227)
	at T.updateModelState (/usr/share/code/resources/app/extensions/git/dist/main.js:1:114843)
> git status -z -u
> git symbolic-ref --short HEAD
> git rev-parse dev
> git rev-parse --symbolic-full-name dev@{u}
> git rev-list --left-right dev...refs/remotes/origin/dev
> git for-each-ref --format %(refname) %(objectname) --sort -committerdate
> git remote --verbose
Failed to watch ref '/home/iac-terraform-cloudbuild/solutions-terraform-cloudbuild-gitops/.git/refs/remotes/origin/dev', is most likely packed.
Error: ENOENT: no such file or directory, watch '/home/iac-terraform-cloudbuild/solutions-terraform-cloudbuild-gitops/.git/refs/remotes/origin/dev'
	at FSWatcher.start (internal/fs/watchers.js:164:26)
	at Object.watch (fs.js:1232:11)
	at Object.t.watch (/usr/share/code/resources/app/extensions/git/dist/main.js:1:6950)
	at E.updateTransientWatchers (/usr/share/code/resources/app/extensions/git/dist/main.js:1:97463)
	at u.fire (/usr/share/code/resources/app/out/vs/workbench/services/extensions/node/extensionHostProcess.js:50:227)
	at T.updateModelState (/usr/share/code/resources/app/extensions/git/dist/main.js:1:114843)
> git status -z -u
> git symbolic-ref --short HEAD
> git rev-parse dev
> git rev-parse --symbolic-full-name dev@{u}
> git rev-list --left-right dev...refs/remotes/origin/dev
> git for-each-ref --format %(refname) %(objectname) --sort -committerdate
> git remote --verbose
Failed to watch ref '/home/iac-terraform-cloudbuild/solutions-terraform-cloudbuild-gitops/.git/refs/remotes/origin/dev', is most likely packed.
Error: ENOENT: no such file or directory, watch '/home/iac-terraform-cloudbuild/solutions-terraform-cloudbuild-gitops/.git/refs/remotes/origin/dev'
	at FSWatcher.start (internal/fs/watchers.js:164:26)
	at Object.watch (fs.js:1232:11)
	at Object.t.watch (/usr/share/code/resources/app/extensions/git/dist/main.js:1:6950)
	at E.updateTransientWatchers (/usr/share/code/resources/app/extensions/git/dist/main.js:1:97463)
	at u.fire (/usr/share/code/resources/app/out/vs/workbench/services/extensions/node/extensionHostProcess.js:50:227)
	at T.updateModelState (/usr/share/code/resources/app/extensions/git/dist/main.js:1:114843)
> git status -z -u
> git symbolic-ref --short HEAD
> git rev-parse dev
> git rev-parse --symbolic-full-name dev@{u}
> git rev-list --left-right dev...refs/remotes/origin/dev
> git for-each-ref --format %(refname) %(objectname) --sort -committerdate
> git remote --verbose
Failed to watch ref '/home/iac-terraform-cloudbuild/solutions-terraform-cloudbuild-gitops/.git/refs/remotes/origin/dev', is most likely packed.
Error: ENOENT: no such file or directory, watch '/home/iac-terraform-cloudbuild/solutions-terraform-cloudbuild-gitops/.git/refs/remotes/origin/dev'
	at FSWatcher.start (internal/fs/watchers.js:164:26)
	at Object.watch (fs.js:1232:11)
	at Object.t.watch (/usr/share/code/resources/app/extensions/git/dist/main.js:1:6950)
	at E.updateTransientWatchers (/usr/share/code/resources/app/extensions/git/dist/main.js:1:97463)
	at u.fire (/usr/share/code/resources/app/out/vs/workbench/services/extensions/node/extensionHostProcess.js:50:227)
	at T.updateModelState (/usr/share/code/resources/app/extensions/git/dist/main.js:1:114843)
> git status -z -u
> git symbolic-ref --short HEAD
> git rev-parse dev
> git rev-parse --symbolic-full-name dev@{u}
> git rev-list --left-right dev...refs/remotes/origin/dev
> git for-each-ref --format %(refname) %(objectname) --sort -committerdate
> git remote --verbose
Failed to watch ref '/home/iac-terraform-cloudbuild/solutions-terraform-cloudbuild-gitops/.git/refs/remotes/origin/dev', is most likely packed.
Error: ENOENT: no such file or directory, watch '/home/iac-terraform-cloudbuild/solutions-terraform-cloudbuild-gitops/.git/refs/remotes/origin/dev'
	at FSWatcher.start (internal/fs/watchers.js:164:26)
	at Object.watch (fs.js:1232:11)
	at Object.t.watch (/usr/share/code/resources/app/extensions/git/dist/main.js:1:6950)
	at E.updateTransientWatchers (/usr/share/code/resources/app/extensions/git/dist/main.js:1:97463)
	at u.fire (/usr/share/code/resources/app/out/vs/workbench/services/extensions/node/extensionHostProcess.js:50:227)
	at T.updateModelState (/usr/share/code/resources/app/extensions/git/dist/main.js:1:114843)
> git status -z -u
> git symbolic-ref --short HEAD
> git rev-parse dev
> git rev-parse --symbolic-full-name dev@{u}
> git rev-list --left-right dev...refs/remotes/origin/dev
> git for-each-ref --format %(refname) %(objectname) --sort -committerdate
> git remote --verbose
Failed to watch ref '/home/iac-terraform-cloudbuild/solutions-terraform-cloudbuild-gitops/.git/refs/remotes/origin/dev', is most likely packed.
Error: ENOENT: no such file or directory, watch '/home/iac-terraform-cloudbuild/solutions-terraform-cloudbuild-gitops/.git/refs/remotes/origin/dev'
	at FSWatcher.start (internal/fs/watchers.js:164:26)
	at Object.watch (fs.js:1232:11)
	at Object.t.watch (/usr/share/code/resources/app/extensions/git/dist/main.js:1:6950)
	at E.updateTransientWatchers (/usr/share/code/resources/app/extensions/git/dist/main.js:1:97463)
	at u.fire (/usr/share/code/resources/app/out/vs/workbench/services/extensions/node/extensionHostProcess.js:50:227)
	at T.updateModelState (/usr/share/code/resources/app/extensions/git/dist/main.js:1:114843)
> git status -z -u
> git symbolic-ref --short HEAD
> git rev-parse dev
> git rev-parse --symbolic-full-name dev@{u}
> git rev-list --left-right dev...refs/remotes/origin/dev
> git for-each-ref --format %(refname) %(objectname) --sort -committerdate
> git remote --verbose
Failed to watch ref '/home/iac-terraform-cloudbuild/solutions-terraform-cloudbuild-gitops/.git/refs/remotes/origin/dev', is most likely packed.
Error: ENOENT: no such file or directory, watch '/home/iac-terraform-cloudbuild/solutions-terraform-cloudbuild-gitops/.git/refs/remotes/origin/dev'
	at FSWatcher.start (internal/fs/watchers.js:164:26)
	at Object.watch (fs.js:1232:11)
	at Object.t.watch (/usr/share/code/resources/app/extensions/git/dist/main.js:1:6950)
	at E.updateTransientWatchers (/usr/share/code/resources/app/extensions/git/dist/main.js:1:97463)
	at u.fire (/usr/share/code/resources/app/out/vs/workbench/services/extensions/node/extensionHostProcess.js:50:227)
	at T.updateModelState (/usr/share/code/resources/app/extensions/git/dist/main.js:1:114843)
> git status -z -u
> git symbolic-ref --short HEAD
> git rev-parse dev
> git rev-parse --symbolic-full-name dev@{u}
> git rev-list --left-right dev...refs/remotes/origin/dev
> git for-each-ref --format %(refname) %(objectname) --sort -committerdate
> git remote --verbose
Failed to watch ref '/home/iac-terraform-cloudbuild/solutions-terraform-cloudbuild-gitops/.git/refs/remotes/origin/dev', is most likely packed.
Error: ENOENT: no such file or directory, watch '/home/iac-terraform-cloudbuild/solutions-terraform-cloudbuild-gitops/.git/refs/remotes/origin/dev'
	at FSWatcher.start (internal/fs/watchers.js:164:26)
	at Object.watch (fs.js:1232:11)
	at Object.t.watch (/usr/share/code/resources/app/extensions/git/dist/main.js:1:6950)
	at E.updateTransientWatchers (/usr/share/code/resources/app/extensions/git/dist/main.js:1:97463)
	at u.fire (/usr/share/code/resources/app/out/vs/workbench/services/extensions/node/extensionHostProcess.js:50:227)
	at T.updateModelState (/usr/share/code/resources/app/extensions/git/dist/main.js:1:114843)
> git status -z -u
> git symbolic-ref --short HEAD
> git rev-parse dev
> git rev-parse --symbolic-full-name dev@{u}
> git rev-list --left-right dev...refs/remotes/origin/dev
> git for-each-ref --format %(refname) %(objectname) --sort -committerdate
> git remote --verbose
Failed to watch ref '/home/iac-terraform-cloudbuild/solutions-terraform-cloudbuild-gitops/.git/refs/remotes/origin/dev', is most likely packed.
Error: ENOENT: no such file or directory, watch '/home/iac-terraform-cloudbuild/solutions-terraform-cloudbuild-gitops/.git/refs/remotes/origin/dev'
	at FSWatcher.start (internal/fs/watchers.js:164:26)
	at Object.watch (fs.js:1232:11)
	at Object.t.watch (/usr/share/code/resources/app/extensions/git/dist/main.js:1:6950)
	at E.updateTransientWatchers (/usr/share/code/resources/app/extensions/git/dist/main.js:1:97463)
	at u.fire (/usr/share/code/resources/app/out/vs/workbench/services/extensions/node/extensionHostProcess.js:50:227)
	at T.updateModelState (/usr/share/code/resources/app/extensions/git/dist/main.js:1:114843)
> git status -z -u
> git symbolic-ref --short HEAD
> git rev-parse dev
> git rev-parse --symbolic-full-name dev@{u}
> git rev-list --left-right dev...refs/remotes/origin/dev
> git for-each-ref --format %(refname) %(objectname) --sort -committerdate
> git remote --verbose
Failed to watch ref '/home/iac-terraform-cloudbuild/solutions-terraform-cloudbuild-gitops/.git/refs/remotes/origin/dev', is most likely packed.
Error: ENOENT: no such file or directory, watch '/home/iac-terraform-cloudbuild/solutions-terraform-cloudbuild-gitops/.git/refs/remotes/origin/dev'
	at FSWatcher.start (internal/fs/watchers.js:164:26)
	at Object.watch (fs.js:1232:11)
	at Object.t.watch (/usr/share/code/resources/app/extensions/git/dist/main.js:1:6950)
	at E.updateTransientWatchers (/usr/share/code/resources/app/extensions/git/dist/main.js:1:97463)
	at u.fire (/usr/share/code/resources/app/out/vs/workbench/services/extensions/node/extensionHostProcess.js:50:227)
	at T.updateModelState (/usr/share/code/resources/app/extensions/git/dist/main.js:1:114843)
> git status -z -u
> git symbolic-ref --short HEAD
> git rev-parse dev
> git rev-parse --symbolic-full-name dev@{u}
> git rev-list --left-right dev...refs/remotes/origin/dev
> git for-each-ref --format %(refname) %(objectname) --sort -committerdate
> git remote --verbose
Failed to watch ref '/home/iac-terraform-cloudbuild/solutions-terraform-cloudbuild-gitops/.git/refs/remotes/origin/dev', is most likely packed.
Error: ENOENT: no such file or directory, watch '/home/iac-terraform-cloudbuild/solutions-terraform-cloudbuild-gitops/.git/refs/remotes/origin/dev'
	at FSWatcher.start (internal/fs/watchers.js:164:26)
	at Object.watch (fs.js:1232:11)
	at Object.t.watch (/usr/share/code/resources/app/extensions/git/dist/main.js:1:6950)
	at E.updateTransientWatchers (/usr/share/code/resources/app/extensions/git/dist/main.js:1:97463)
	at u.fire (/usr/share/code/resources/app/out/vs/workbench/services/extensions/node/extensionHostProcess.js:50:227)
	at T.updateModelState (/usr/share/code/resources/app/extensions/git/dist/main.js:1:114843)
> git status -z -u
> git symbolic-ref --short HEAD
> git rev-parse dev
> git rev-parse --symbolic-full-name dev@{u}
> git rev-list --left-right dev...refs/remotes/origin/dev
> git for-each-ref --format %(refname) %(objectname) --sort -committerdate
> git remote --verbose
Failed to watch ref '/home/iac-terraform-cloudbuild/solutions-terraform-cloudbuild-gitops/.git/refs/remotes/origin/dev', is most likely packed.
Error: ENOENT: no such file or directory, watch '/home/iac-terraform-cloudbuild/solutions-terraform-cloudbuild-gitops/.git/refs/remotes/origin/dev'
	at FSWatcher.start (internal/fs/watchers.js:164:26)
	at Object.watch (fs.js:1232:11)
	at Object.t.watch (/usr/share/code/resources/app/extensions/git/dist/main.js:1:6950)
	at E.updateTransientWatchers (/usr/share/code/resources/app/extensions/git/dist/main.js:1:97463)
	at u.fire (/usr/share/code/resources/app/out/vs/workbench/services/extensions/node/extensionHostProcess.js:50:227)
	at T.updateModelState (/usr/share/code/resources/app/extensions/git/dist/main.js:1:114843)
> git status -z -u
> git symbolic-ref --short HEAD
> git rev-parse dev
> git rev-parse --symbolic-full-name dev@{u}
> git rev-list --left-right dev...refs/remotes/origin/dev
> git for-each-ref --format %(refname) %(objectname) --sort -committerdate
> git remote --verbose
Failed to watch ref '/home/iac-terraform-cloudbuild/solutions-terraform-cloudbuild-gitops/.git/refs/remotes/origin/dev', is most likely packed.
Error: ENOENT: no such file or directory, watch '/home/iac-terraform-cloudbuild/solutions-terraform-cloudbuild-gitops/.git/refs/remotes/origin/dev'
	at FSWatcher.start (internal/fs/watchers.js:164:26)
	at Object.watch (fs.js:1232:11)
	at Object.t.watch (/usr/share/code/resources/app/extensions/git/dist/main.js:1:6950)
	at E.updateTransientWatchers (/usr/share/code/resources/app/extensions/git/dist/main.js:1:97463)
	at u.fire (/usr/share/code/resources/app/out/vs/workbench/services/extensions/node/extensionHostProcess.js:50:227)
	at T.updateModelState (/usr/share/code/resources/app/extensions/git/dist/main.js:1:114843)
> git status -z -u
> git symbolic-ref --short HEAD
> git rev-parse dev
> git rev-parse --symbolic-full-name dev@{u}
> git rev-list --left-right dev...refs/remotes/origin/dev
> git for-each-ref --format %(refname) %(objectname) --sort -committerdate
> git remote --verbose
Failed to watch ref '/home/iac-terraform-cloudbuild/solutions-terraform-cloudbuild-gitops/.git/refs/remotes/origin/dev', is most likely packed.
Error: ENOENT: no such file or directory, watch '/home/iac-terraform-cloudbuild/solutions-terraform-cloudbuild-gitops/.git/refs/remotes/origin/dev'
	at FSWatcher.start (internal/fs/watchers.js:164:26)
	at Object.watch (fs.js:1232:11)
	at Object.t.watch (/usr/share/code/resources/app/extensions/git/dist/main.js:1:6950)
	at E.updateTransientWatchers (/usr/share/code/resources/app/extensions/git/dist/main.js:1:97463)
	at u.fire (/usr/share/code/resources/app/out/vs/workbench/services/extensions/node/extensionHostProcess.js:50:227)
	at T.updateModelState (/usr/share/code/resources/app/extensions/git/dist/main.js:1:114843)
> git status -z -u
> git symbolic-ref --short HEAD
> git rev-parse dev
> git rev-parse --symbolic-full-name dev@{u}
> git rev-list --left-right dev...refs/remotes/origin/dev
> git for-each-ref --format %(refname) %(objectname) --sort -committerdate
> git remote --verbose
Failed to watch ref '/home/iac-terraform-cloudbuild/solutions-terraform-cloudbuild-gitops/.git/refs/remotes/origin/dev', is most likely packed.
Error: ENOENT: no such file or directory, watch '/home/iac-terraform-cloudbuild/solutions-terraform-cloudbuild-gitops/.git/refs/remotes/origin/dev'
	at FSWatcher.start (internal/fs/watchers.js:164:26)
	at Object.watch (fs.js:1232:11)
	at Object.t.watch (/usr/share/code/resources/app/extensions/git/dist/main.js:1:6950)
	at E.updateTransientWatchers (/usr/share/code/resources/app/extensions/git/dist/main.js:1:97463)
	at u.fire (/usr/share/code/resources/app/out/vs/workbench/services/extensions/node/extensionHostProcess.js:50:227)
	at T.updateModelState (/usr/share/code/resources/app/extensions/git/dist/main.js:1:114843)
> git check-ignore -v -z --stdin
> git show :modules/http_server/main.tf
> git status -z -u
> git symbolic-ref --short HEAD
> git rev-parse dev
> git rev-parse --symbolic-full-name dev@{u}
> git rev-list --left-right dev...refs/remotes/origin/dev
> git for-each-ref --format %(refname) %(objectname) --sort -committerdate
> git remote --verbose
Failed to watch ref '/home/iac-terraform-cloudbuild/solutions-terraform-cloudbuild-gitops/.git/refs/remotes/origin/dev', is most likely packed.
Error: ENOENT: no such file or directory, watch '/home/iac-terraform-cloudbuild/solutions-terraform-cloudbuild-gitops/.git/refs/remotes/origin/dev'
	at FSWatcher.start (internal/fs/watchers.js:164:26)
	at Object.watch (fs.js:1232:11)
	at Object.t.watch (/usr/share/code/resources/app/extensions/git/dist/main.js:1:6950)
	at E.updateTransientWatchers (/usr/share/code/resources/app/extensions/git/dist/main.js:1:97463)
	at u.fire (/usr/share/code/resources/app/out/vs/workbench/services/extensions/node/extensionHostProcess.js:50:227)
	at T.updateModelState (/usr/share/code/resources/app/extensions/git/dist/main.js:1:114843)
> git status -z -u
> git symbolic-ref --short HEAD
> git rev-parse dev
> git rev-parse --symbolic-full-name dev@{u}
> git rev-list --left-right dev...refs/remotes/origin/dev
> git for-each-ref --format %(refname) %(objectname) --sort -committerdate
> git remote --verbose
Failed to watch ref '/home/iac-terraform-cloudbuild/solutions-terraform-cloudbuild-gitops/.git/refs/remotes/origin/dev', is most likely packed.
Error: ENOENT: no such file or directory, watch '/home/iac-terraform-cloudbuild/solutions-terraform-cloudbuild-gitops/.git/refs/remotes/origin/dev'
	at FSWatcher.start (internal/fs/watchers.js:164:26)
	at Object.watch (fs.js:1232:11)
	at Object.t.watch (/usr/share/code/resources/app/extensions/git/dist/main.js:1:6950)
	at E.updateTransientWatchers (/usr/share/code/resources/app/extensions/git/dist/main.js:1:97463)
	at u.fire (/usr/share/code/resources/app/out/vs/workbench/services/extensions/node/extensionHostProcess.js:50:227)
	at T.updateModelState (/usr/share/code/resources/app/extensions/git/dist/main.js:1:114843)
> git show :modules/http_server/outputs.tf
> git status -z -u
> git symbolic-ref --short HEAD
> git rev-parse dev
> git rev-parse --symbolic-full-name dev@{u}
> git rev-list --left-right dev...refs/remotes/origin/dev
> git for-each-ref --format %(refname) %(objectname) --sort -committerdate
> git remote --verbose
Failed to watch ref '/home/iac-terraform-cloudbuild/solutions-terraform-cloudbuild-gitops/.git/refs/remotes/origin/dev', is most likely packed.
Error: ENOENT: no such file or directory, watch '/home/iac-terraform-cloudbuild/solutions-terraform-cloudbuild-gitops/.git/refs/remotes/origin/dev'
	at FSWatcher.start (internal/fs/watchers.js:164:26)
	at Object.watch (fs.js:1232:11)
	at Object.t.watch (/usr/share/code/resources/app/extensions/git/dist/main.js:1:6950)
	at E.updateTransientWatchers (/usr/share/code/resources/app/extensions/git/dist/main.js:1:97463)
	at u.fire (/usr/share/code/resources/app/out/vs/workbench/services/extensions/node/extensionHostProcess.js:50:227)
	at T.updateModelState (/usr/share/code/resources/app/extensions/git/dist/main.js:1:114843)
> git show :modules/http_server/variables.tf
> git status -z -u
> git symbolic-ref --short HEAD
> git rev-parse dev
> git rev-parse --symbolic-full-name dev@{u}
> git rev-list --left-right dev...refs/remotes/origin/dev
> git for-each-ref --format %(refname) %(objectname) --sort -committerdate
> git remote --verbose
Failed to watch ref '/home/iac-terraform-cloudbuild/solutions-terraform-cloudbuild-gitops/.git/refs/remotes/origin/dev', is most likely packed.
Error: ENOENT: no such file or directory, watch '/home/iac-terraform-cloudbuild/solutions-terraform-cloudbuild-gitops/.git/refs/remotes/origin/dev'
	at FSWatcher.start (internal/fs/watchers.js:164:26)
	at Object.watch (fs.js:1232:11)
	at Object.t.watch (/usr/share/code/resources/app/extensions/git/dist/main.js:1:6950)
	at E.updateTransientWatchers (/usr/share/code/resources/app/extensions/git/dist/main.js:1:97463)
	at u.fire (/usr/share/code/resources/app/out/vs/workbench/services/extensions/node/extensionHostProcess.js:50:227)
	at T.updateModelState (/usr/share/code/resources/app/extensions/git/dist/main.js:1:114843)
> git show :modules/http_server/versions.tf
> git check-ignore -v -z --stdin
> git status -z -u
> git symbolic-ref --short HEAD
> git rev-parse dev
> git show :modules/firewall/main.tf
> git rev-parse --symbolic-full-name dev@{u}
> git rev-list --left-right dev...refs/remotes/origin/dev
> git for-each-ref --format %(refname) %(objectname) --sort -committerdate
> git remote --verbose
Failed to watch ref '/home/iac-terraform-cloudbuild/solutions-terraform-cloudbuild-gitops/.git/refs/remotes/origin/dev', is most likely packed.
Error: ENOENT: no such file or directory, watch '/home/iac-terraform-cloudbuild/solutions-terraform-cloudbuild-gitops/.git/refs/remotes/origin/dev'
	at FSWatcher.start (internal/fs/watchers.js:164:26)
	at Object.watch (fs.js:1232:11)
	at Object.t.watch (/usr/share/code/resources/app/extensions/git/dist/main.js:1:6950)
	at E.updateTransientWatchers (/usr/share/code/resources/app/extensions/git/dist/main.js:1:97463)
	at u.fire (/usr/share/code/resources/app/out/vs/workbench/services/extensions/node/extensionHostProcess.js:50:227)
	at T.updateModelState (/usr/share/code/resources/app/extensions/git/dist/main.js:1:114843)
> git status -z -u
> git symbolic-ref --short HEAD
> git rev-parse dev
> git rev-parse --symbolic-full-name dev@{u}
> git rev-list --left-right dev...refs/remotes/origin/dev
> git for-each-ref --format %(refname) %(objectname) --sort -committerdate
> git remote --verbose
Failed to watch ref '/home/iac-terraform-cloudbuild/solutions-terraform-cloudbuild-gitops/.git/refs/remotes/origin/dev', is most likely packed.
Error: ENOENT: no such file or directory, watch '/home/iac-terraform-cloudbuild/solutions-terraform-cloudbuild-gitops/.git/refs/remotes/origin/dev'
	at FSWatcher.start (internal/fs/watchers.js:164:26)
	at Object.watch (fs.js:1232:11)
	at Object.t.watch (/usr/share/code/resources/app/extensions/git/dist/main.js:1:6950)
	at E.updateTransientWatchers (/usr/share/code/resources/app/extensions/git/dist/main.js:1:97463)
	at u.fire (/usr/share/code/resources/app/out/vs/workbench/services/extensions/node/extensionHostProcess.js:50:227)
	at T.updateModelState (/usr/share/code/resources/app/extensions/git/dist/main.js:1:114843)
> git show :environments/dev/main.tf
> git status -z -u
> git symbolic-ref --short HEAD
> git rev-parse dev
> git rev-parse --symbolic-full-name dev@{u}
> git rev-list --left-right dev...refs/remotes/origin/dev
> git for-each-ref --format %(refname) %(objectname) --sort -committerdate
> git remote --verbose
Failed to watch ref '/home/iac-terraform-cloudbuild/solutions-terraform-cloudbuild-gitops/.git/refs/remotes/origin/dev', is most likely packed.
Error: ENOENT: no such file or directory, watch '/home/iac-terraform-cloudbuild/solutions-terraform-cloudbuild-gitops/.git/refs/remotes/origin/dev'
	at FSWatcher.start (internal/fs/watchers.js:164:26)
	at Object.watch (fs.js:1232:11)
	at Object.t.watch (/usr/share/code/resources/app/extensions/git/dist/main.js:1:6950)
	at E.updateTransientWatchers (/usr/share/code/resources/app/extensions/git/dist/main.js:1:97463)
	at u.fire (/usr/share/code/resources/app/out/vs/workbench/services/extensions/node/extensionHostProcess.js:50:227)
	at T.updateModelState (/usr/share/code/resources/app/extensions/git/dist/main.js:1:114843)
> git status -z -u
> git symbolic-ref --short HEAD
> git rev-parse dev
> git rev-parse --symbolic-full-name dev@{u}
> git rev-list --left-right dev...refs/remotes/origin/dev
> git for-each-ref --format %(refname) %(objectname) --sort -committerdate
> git remote --verbose
Failed to watch ref '/home/iac-terraform-cloudbuild/solutions-terraform-cloudbuild-gitops/.git/refs/remotes/origin/dev', is most likely packed.
Error: ENOENT: no such file or directory, watch '/home/iac-terraform-cloudbuild/solutions-terraform-cloudbuild-gitops/.git/refs/remotes/origin/dev'
	at FSWatcher.start (internal/fs/watchers.js:164:26)
	at Object.watch (fs.js:1232:11)
	at Object.t.watch (/usr/share/code/resources/app/extensions/git/dist/main.js:1:6950)
	at E.updateTransientWatchers (/usr/share/code/resources/app/extensions/git/dist/main.js:1:97463)
	at u.fire (/usr/share/code/resources/app/out/vs/workbench/services/extensions/node/extensionHostProcess.js:50:227)
	at T.updateModelState (/usr/share/code/resources/app/extensions/git/dist/main.js:1:114843)
> git show :environments/dev/terraform.tfvars
> git status -z -u
> git symbolic-ref --short HEAD
> git rev-parse dev
> git rev-parse --symbolic-full-name dev@{u}
> git rev-list --left-right dev...refs/remotes/origin/dev
> git for-each-ref --format %(refname) %(objectname) --sort -committerdate
> git remote --verbose
Failed to watch ref '/home/iac-terraform-cloudbuild/solutions-terraform-cloudbuild-gitops/.git/refs/remotes/origin/dev', is most likely packed.
Error: ENOENT: no such file or directory, watch '/home/iac-terraform-cloudbuild/solutions-terraform-cloudbuild-gitops/.git/refs/remotes/origin/dev'
	at FSWatcher.start (internal/fs/watchers.js:164:26)
	at Object.watch (fs.js:1232:11)
	at Object.t.watch (/usr/share/code/resources/app/extensions/git/dist/main.js:1:6950)
	at E.updateTransientWatchers (/usr/share/code/resources/app/extensions/git/dist/main.js:1:97463)
	at u.fire (/usr/share/code/resources/app/out/vs/workbench/services/extensions/node/extensionHostProcess.js:50:227)
	at T.updateModelState (/usr/share/code/resources/app/extensions/git/dist/main.js:1:114843)
> git show :environments/dev/backend.tf
> git status -z -u
> git symbolic-ref --short HEAD
> git rev-parse dev
> git rev-parse --symbolic-full-name dev@{u}
> git rev-list --left-right dev...refs/remotes/origin/dev
> git for-each-ref --format %(refname) %(objectname) --sort -committerdate
> git remote --verbose
Failed to watch ref '/home/iac-terraform-cloudbuild/solutions-terraform-cloudbuild-gitops/.git/refs/remotes/origin/dev', is most likely packed.
Error: ENOENT: no such file or directory, watch '/home/iac-terraform-cloudbuild/solutions-terraform-cloudbuild-gitops/.git/refs/remotes/origin/dev'
	at FSWatcher.start (internal/fs/watchers.js:164:26)
	at Object.watch (fs.js:1232:11)
	at Object.t.watch (/usr/share/code/resources/app/extensions/git/dist/main.js:1:6950)
	at E.updateTransientWatchers (/usr/share/code/resources/app/extensions/git/dist/main.js:1:97463)
	at u.fire (/usr/share/code/resources/app/out/vs/workbench/services/extensions/node/extensionHostProcess.js:50:227)
	at T.updateModelState (/usr/share/code/resources/app/extensions/git/dist/main.js:1:114843)
> git status -z -u
> git symbolic-ref --short HEAD
> git rev-parse dev
> git rev-parse --symbolic-full-name dev@{u}
> git rev-list --left-right dev...refs/remotes/origin/dev
> git for-each-ref --format %(refname) %(objectname) --sort -committerdate
> git remote --verbose
Failed to watch ref '/home/iac-terraform-cloudbuild/solutions-terraform-cloudbuild-gitops/.git/refs/remotes/origin/dev', is most likely packed.
Error: ENOENT: no such file or directory, watch '/home/iac-terraform-cloudbuild/solutions-terraform-cloudbuild-gitops/.git/refs/remotes/origin/dev'
	at FSWatcher.start (internal/fs/watchers.js:164:26)
	at Object.watch (fs.js:1232:11)
	at Object.t.watch (/usr/share/code/resources/app/extensions/git/dist/main.js:1:6950)
	at E.updateTransientWatchers (/usr/share/code/resources/app/extensions/git/dist/main.js:1:97463)
	at u.fire (/usr/share/code/resources/app/out/vs/workbench/services/extensions/node/extensionHostProcess.js:50:227)
	at T.updateModelState (/usr/share/code/resources/app/extensions/git/dist/main.js:1:114843)
> git status -z -u
> git symbolic-ref --short HEAD
> git rev-parse dev
> git rev-parse --symbolic-full-name dev@{u}
> git rev-list --left-right dev...refs/remotes/origin/dev
> git for-each-ref --format %(refname) %(objectname) --sort -committerdate
> git remote --verbose
Failed to watch ref '/home/iac-terraform-cloudbuild/solutions-terraform-cloudbuild-gitops/.git/refs/remotes/origin/dev', is most likely packed.
Error: ENOENT: no such file or directory, watch '/home/iac-terraform-cloudbuild/solutions-terraform-cloudbuild-gitops/.git/refs/remotes/origin/dev'
	at FSWatcher.start (internal/fs/watchers.js:164:26)
	at Object.watch (fs.js:1232:11)
	at Object.t.watch (/usr/share/code/resources/app/extensions/git/dist/main.js:1:6950)
	at E.updateTransientWatchers (/usr/share/code/resources/app/extensions/git/dist/main.js:1:97463)
	at u.fire (/usr/share/code/resources/app/out/vs/workbench/services/extensions/node/extensionHostProcess.js:50:227)
	at T.updateModelState (/usr/share/code/resources/app/extensions/git/dist/main.js:1:114843)
> git status -z -u
> git symbolic-ref --short HEAD
> git rev-parse dev
> git rev-parse --symbolic-full-name dev@{u}
> git rev-list --left-right dev...refs/remotes/origin/dev
> git for-each-ref --format %(refname) %(objectname) --sort -committerdate
> git remote --verbose
Failed to watch ref '/home/iac-terraform-cloudbuild/solutions-terraform-cloudbuild-gitops/.git/refs/remotes/origin/dev', is most likely packed.
Error: ENOENT: no such file or directory, watch '/home/iac-terraform-cloudbuild/solutions-terraform-cloudbuild-gitops/.git/refs/remotes/origin/dev'
	at FSWatcher.start (internal/fs/watchers.js:164:26)
	at Object.watch (fs.js:1232:11)
	at Object.t.watch (/usr/share/code/resources/app/extensions/git/dist/main.js:1:6950)
	at E.updateTransientWatchers (/usr/share/code/resources/app/extensions/git/dist/main.js:1:97463)
	at u.fire (/usr/share/code/resources/app/out/vs/workbench/services/extensions/node/extensionHostProcess.js:50:227)
	at T.updateModelState (/usr/share/code/resources/app/extensions/git/dist/main.js:1:114843)
> git status -z -u
> git symbolic-ref --short HEAD
> git rev-parse dev
> git rev-parse --symbolic-full-name dev@{u}
> git rev-list --left-right dev...refs/remotes/origin/dev
> git for-each-ref --format %(refname) %(objectname) --sort -committerdate
> git remote --verbose
Failed to watch ref '/home/iac-terraform-cloudbuild/solutions-terraform-cloudbuild-gitops/.git/refs/remotes/origin/dev', is most likely packed.
Error: ENOENT: no such file or directory, watch '/home/iac-terraform-cloudbuild/solutions-terraform-cloudbuild-gitops/.git/refs/remotes/origin/dev'
	at FSWatcher.start (internal/fs/watchers.js:164:26)
	at Object.watch (fs.js:1232:11)
	at Object.t.watch (/usr/share/code/resources/app/extensions/git/dist/main.js:1:6950)
	at E.updateTransientWatchers (/usr/share/code/resources/app/extensions/git/dist/main.js:1:97463)
	at u.fire (/usr/share/code/resources/app/out/vs/workbench/services/extensions/node/extensionHostProcess.js:50:227)
	at T.updateModelState (/usr/share/code/resources/app/extensions/git/dist/main.js:1:114843)
> git status -z -u
> git symbolic-ref --short HEAD
> git rev-parse dev
> git rev-parse --symbolic-full-name dev@{u}
> git rev-list --left-right dev...refs/remotes/origin/dev
> git for-each-ref --format %(refname) %(objectname) --sort -committerdate
> git remote --verbose
Failed to watch ref '/home/iac-terraform-cloudbuild/solutions-terraform-cloudbuild-gitops/.git/refs/remotes/origin/dev', is most likely packed.
Error: ENOENT: no such file or directory, watch '/home/iac-terraform-cloudbuild/solutions-terraform-cloudbuild-gitops/.git/refs/remotes/origin/dev'
	at FSWatcher.start (internal/fs/watchers.js:164:26)
	at Object.watch (fs.js:1232:11)
	at Object.t.watch (/usr/share/code/resources/app/extensions/git/dist/main.js:1:6950)
	at E.updateTransientWatchers (/usr/share/code/resources/app/extensions/git/dist/main.js:1:97463)
	at u.fire (/usr/share/code/resources/app/out/vs/workbench/services/extensions/node/extensionHostProcess.js:50:227)
	at T.updateModelState (/usr/share/code/resources/app/extensions/git/dist/main.js:1:114843)
> git status -z -u
> git symbolic-ref --short HEAD
> git rev-parse dev
> git rev-parse --symbolic-full-name dev@{u}
> git rev-list --left-right dev...refs/remotes/origin/dev
> git for-each-ref --format %(refname) %(objectname) --sort -committerdate
> git remote --verbose
Failed to watch ref '/home/iac-terraform-cloudbuild/solutions-terraform-cloudbuild-gitops/.git/refs/remotes/origin/dev', is most likely packed.
Error: ENOENT: no such file or directory, watch '/home/iac-terraform-cloudbuild/solutions-terraform-cloudbuild-gitops/.git/refs/remotes/origin/dev'
	at FSWatcher.start (internal/fs/watchers.js:164:26)
	at Object.watch (fs.js:1232:11)
	at Object.t.watch (/usr/share/code/resources/app/extensions/git/dist/main.js:1:6950)
	at E.updateTransientWatchers (/usr/share/code/resources/app/extensions/git/dist/main.js:1:97463)
	at u.fire (/usr/share/code/resources/app/out/vs/workbench/services/extensions/node/extensionHostProcess.js:50:227)
	at T.updateModelState (/usr/share/code/resources/app/extensions/git/dist/main.js:1:114843)
> git status -z -u
> git symbolic-ref --short HEAD
> git rev-parse dev
> git rev-parse --symbolic-full-name dev@{u}
> git rev-list --left-right dev...refs/remotes/origin/dev
> git for-each-ref --format %(refname) %(objectname) --sort -committerdate
> git remote --verbose
Failed to watch ref '/home/iac-terraform-cloudbuild/solutions-terraform-cloudbuild-gitops/.git/refs/remotes/origin/dev', is most likely packed.
Error: ENOENT: no such file or directory, watch '/home/iac-terraform-cloudbuild/solutions-terraform-cloudbuild-gitops/.git/refs/remotes/origin/dev'
	at FSWatcher.start (internal/fs/watchers.js:164:26)
	at Object.watch (fs.js:1232:11)
	at Object.t.watch (/usr/share/code/resources/app/extensions/git/dist/main.js:1:6950)
	at E.updateTransientWatchers (/usr/share/code/resources/app/extensions/git/dist/main.js:1:97463)
	at u.fire (/usr/share/code/resources/app/out/vs/workbench/services/extensions/node/extensionHostProcess.js:50:227)
	at T.updateModelState (/usr/share/code/resources/app/extensions/git/dist/main.js:1:114843)
> git status -z -u
> git symbolic-ref --short HEAD
> git rev-parse dev
> git rev-parse --symbolic-full-name dev@{u}
> git rev-list --left-right dev...refs/remotes/origin/dev
> git for-each-ref --format %(refname) %(objectname) --sort -committerdate
> git remote --verbose
Failed to watch ref '/home/iac-terraform-cloudbuild/solutions-terraform-cloudbuild-gitops/.git/refs/remotes/origin/dev', is most likely packed.
Error: ENOENT: no such file or directory, watch '/home/iac-terraform-cloudbuild/solutions-terraform-cloudbuild-gitops/.git/refs/remotes/origin/dev'
	at FSWatcher.start (internal/fs/watchers.js:164:26)
	at Object.watch (fs.js:1232:11)
	at Object.t.watch (/usr/share/code/resources/app/extensions/git/dist/main.js:1:6950)
	at E.updateTransientWatchers (/usr/share/code/resources/app/extensions/git/dist/main.js:1:97463)
	at u.fire (/usr/share/code/resources/app/out/vs/workbench/services/extensions/node/extensionHostProcess.js:50:227)
	at T.updateModelState (/usr/share/code/resources/app/extensions/git/dist/main.js:1:114843)
> git status -z -u
> git symbolic-ref --short HEAD
> git rev-parse dev
> git rev-parse --symbolic-full-name dev@{u}
> git rev-list --left-right dev...refs/remotes/origin/dev
> git for-each-ref --format %(refname) %(objectname) --sort -committerdate
> git remote --verbose
Failed to watch ref '/home/iac-terraform-cloudbuild/solutions-terraform-cloudbuild-gitops/.git/refs/remotes/origin/dev', is most likely packed.
Error: ENOENT: no such file or directory, watch '/home/iac-terraform-cloudbuild/solutions-terraform-cloudbuild-gitops/.git/refs/remotes/origin/dev'
	at FSWatcher.start (internal/fs/watchers.js:164:26)
	at Object.watch (fs.js:1232:11)
	at Object.t.watch (/usr/share/code/resources/app/extensions/git/dist/main.js:1:6950)
	at E.updateTransientWatchers (/usr/share/code/resources/app/extensions/git/dist/main.js:1:97463)
	at u.fire (/usr/share/code/resources/app/out/vs/workbench/services/extensions/node/extensionHostProcess.js:50:227)
	at T.updateModelState (/usr/share/code/resources/app/extensions/git/dist/main.js:1:114843)
> git status -z -u
> git symbolic-ref --short HEAD
> git rev-parse dev
> git rev-parse --symbolic-full-name dev@{u}
> git rev-list --left-right dev...refs/remotes/origin/dev
> git for-each-ref --format %(refname) %(objectname) --sort -committerdate
> git remote --verbose
Failed to watch ref '/home/iac-terraform-cloudbuild/solutions-terraform-cloudbuild-gitops/.git/refs/remotes/origin/dev', is most likely packed.
Error: ENOENT: no such file or directory, watch '/home/iac-terraform-cloudbuild/solutions-terraform-cloudbuild-gitops/.git/refs/remotes/origin/dev'
	at FSWatcher.start (internal/fs/watchers.js:164:26)
	at Object.watch (fs.js:1232:11)
	at Object.t.watch (/usr/share/code/resources/app/extensions/git/dist/main.js:1:6950)
	at E.updateTransientWatchers (/usr/share/code/resources/app/extensions/git/dist/main.js:1:97463)
	at u.fire (/usr/share/code/resources/app/out/vs/workbench/services/extensions/node/extensionHostProcess.js:50:227)
	at T.updateModelState (/usr/share/code/resources/app/extensions/git/dist/main.js:1:114843)
> git status -z -u
> git symbolic-ref --short HEAD
> git rev-parse dev
> git rev-parse --symbolic-full-name dev@{u}
> git rev-list --left-right dev...refs/remotes/origin/dev
> git for-each-ref --format %(refname) %(objectname) --sort -committerdate
> git remote --verbose
Failed to watch ref '/home/iac-terraform-cloudbuild/solutions-terraform-cloudbuild-gitops/.git/refs/remotes/origin/dev', is most likely packed.
Error: ENOENT: no such file or directory, watch '/home/iac-terraform-cloudbuild/solutions-terraform-cloudbuild-gitops/.git/refs/remotes/origin/dev'
	at FSWatcher.start (internal/fs/watchers.js:164:26)
	at Object.watch (fs.js:1232:11)
	at Object.t.watch (/usr/share/code/resources/app/extensions/git/dist/main.js:1:6950)
	at E.updateTransientWatchers (/usr/share/code/resources/app/extensions/git/dist/main.js:1:97463)
	at u.fire (/usr/share/code/resources/app/out/vs/workbench/services/extensions/node/extensionHostProcess.js:50:227)
	at T.updateModelState (/usr/share/code/resources/app/extensions/git/dist/main.js:1:114843)
> git status -z -u
> git symbolic-ref --short HEAD
> git rev-parse dev
> git rev-parse --symbolic-full-name dev@{u}
> git rev-list --left-right dev...refs/remotes/origin/dev
> git for-each-ref --format %(refname) %(objectname) --sort -committerdate
> git remote --verbose
Failed to watch ref '/home/iac-terraform-cloudbuild/solutions-terraform-cloudbuild-gitops/.git/refs/remotes/origin/dev', is most likely packed.
Error: ENOENT: no such file or directory, watch '/home/iac-terraform-cloudbuild/solutions-terraform-cloudbuild-gitops/.git/refs/remotes/origin/dev'
	at FSWatcher.start (internal/fs/watchers.js:164:26)
	at Object.watch (fs.js:1232:11)
	at Object.t.watch (/usr/share/code/resources/app/extensions/git/dist/main.js:1:6950)
	at E.updateTransientWatchers (/usr/share/code/resources/app/extensions/git/dist/main.js:1:97463)
	at u.fire (/usr/share/code/resources/app/out/vs/workbench/services/extensions/node/extensionHostProcess.js:50:227)
	at T.updateModelState (/usr/share/code/resources/app/extensions/git/dist/main.js:1:114843)
> git status -z -u
> git symbolic-ref --short HEAD
> git rev-parse dev
> git rev-parse --symbolic-full-name dev@{u}
> git rev-list --left-right dev...refs/remotes/origin/dev
> git for-each-ref --format %(refname) %(objectname) --sort -committerdate
> git remote --verbose
Failed to watch ref '/home/iac-terraform-cloudbuild/solutions-terraform-cloudbuild-gitops/.git/refs/remotes/origin/dev', is most likely packed.
Error: ENOENT: no such file or directory, watch '/home/iac-terraform-cloudbuild/solutions-terraform-cloudbuild-gitops/.git/refs/remotes/origin/dev'
	at FSWatcher.start (internal/fs/watchers.js:164:26)
	at Object.watch (fs.js:1232:11)
	at Object.t.watch (/usr/share/code/resources/app/extensions/git/dist/main.js:1:6950)
	at E.updateTransientWatchers (/usr/share/code/resources/app/extensions/git/dist/main.js:1:97463)
	at u.fire (/usr/share/code/resources/app/out/vs/workbench/services/extensions/node/extensionHostProcess.js:50:227)
	at T.updateModelState (/usr/share/code/resources/app/extensions/git/dist/main.js:1:114843)
> git status -z -u
> git symbolic-ref --short HEAD
> git rev-parse dev
> git rev-parse --symbolic-full-name dev@{u}
> git rev-list --left-right dev...refs/remotes/origin/dev
> git for-each-ref --format %(refname) %(objectname) --sort -committerdate
> git remote --verbose
Failed to watch ref '/home/iac-terraform-cloudbuild/solutions-terraform-cloudbuild-gitops/.git/refs/remotes/origin/dev', is most likely packed.
Error: ENOENT: no such file or directory, watch '/home/iac-terraform-cloudbuild/solutions-terraform-cloudbuild-gitops/.git/refs/remotes/origin/dev'
	at FSWatcher.start (internal/fs/watchers.js:164:26)
	at Object.watch (fs.js:1232:11)
	at Object.t.watch (/usr/share/code/resources/app/extensions/git/dist/main.js:1:6950)
	at E.updateTransientWatchers (/usr/share/code/resources/app/extensions/git/dist/main.js:1:97463)
	at u.fire (/usr/share/code/resources/app/out/vs/workbench/services/extensions/node/extensionHostProcess.js:50:227)
	at T.updateModelState (/usr/share/code/resources/app/extensions/git/dist/main.js:1:114843)
> git status -z -u
> git symbolic-ref --short HEAD
> git rev-parse dev
> git rev-parse --symbolic-full-name dev@{u}
> git rev-list --left-right dev...refs/remotes/origin/dev
> git for-each-ref --format %(refname) %(objectname) --sort -committerdate
> git remote --verbose
Failed to watch ref '/home/iac-terraform-cloudbuild/solutions-terraform-cloudbuild-gitops/.git/refs/remotes/origin/dev', is most likely packed.
Error: ENOENT: no such file or directory, watch '/home/iac-terraform-cloudbuild/solutions-terraform-cloudbuild-gitops/.git/refs/remotes/origin/dev'
	at FSWatcher.start (internal/fs/watchers.js:164:26)
	at Object.watch (fs.js:1232:11)
	at Object.t.watch (/usr/share/code/resources/app/extensions/git/dist/main.js:1:6950)
	at E.updateTransientWatchers (/usr/share/code/resources/app/extensions/git/dist/main.js:1:97463)
	at u.fire (/usr/share/code/resources/app/out/vs/workbench/services/extensions/node/extensionHostProcess.js:50:227)
	at T.updateModelState (/usr/share/code/resources/app/extensions/git/dist/main.js:1:114843)
> git status -z -u
> git symbolic-ref --short HEAD
> git rev-parse dev
> git rev-parse --symbolic-full-name dev@{u}
> git rev-list --left-right dev...refs/remotes/origin/dev
> git for-each-ref --format %(refname) %(objectname) --sort -committerdate
> git remote --verbose
Failed to watch ref '/home/iac-terraform-cloudbuild/solutions-terraform-cloudbuild-gitops/.git/refs/remotes/origin/dev', is most likely packed.
Error: ENOENT: no such file or directory, watch '/home/iac-terraform-cloudbuild/solutions-terraform-cloudbuild-gitops/.git/refs/remotes/origin/dev'
	at FSWatcher.start (internal/fs/watchers.js:164:26)
	at Object.watch (fs.js:1232:11)
	at Object.t.watch (/usr/share/code/resources/app/extensions/git/dist/main.js:1:6950)
	at E.updateTransientWatchers (/usr/share/code/resources/app/extensions/git/dist/main.js:1:97463)
	at u.fire (/usr/share/code/resources/app/out/vs/workbench/services/extensions/node/extensionHostProcess.js:50:227)
	at T.updateModelState (/usr/share/code/resources/app/extensions/git/dist/main.js:1:114843)
> git status -z -u
> git symbolic-ref --short HEAD
> git rev-parse dev
> git rev-parse --symbolic-full-name dev@{u}
> git rev-list --left-right dev...refs/remotes/origin/dev
> git for-each-ref --format %(refname) %(objectname) --sort -committerdate
> git remote --verbose
Failed to watch ref '/home/iac-terraform-cloudbuild/solutions-terraform-cloudbuild-gitops/.git/refs/remotes/origin/dev', is most likely packed.
Error: ENOENT: no such file or directory, watch '/home/iac-terraform-cloudbuild/solutions-terraform-cloudbuild-gitops/.git/refs/remotes/origin/dev'
	at FSWatcher.start (internal/fs/watchers.js:164:26)
	at Object.watch (fs.js:1232:11)
	at Object.t.watch (/usr/share/code/resources/app/extensions/git/dist/main.js:1:6950)
	at E.updateTransientWatchers (/usr/share/code/resources/app/extensions/git/dist/main.js:1:97463)
	at u.fire (/usr/share/code/resources/app/out/vs/workbench/services/extensions/node/extensionHostProcess.js:50:227)
	at T.updateModelState (/usr/share/code/resources/app/extensions/git/dist/main.js:1:114843)
> git status -z -u
> git symbolic-ref --short HEAD
> git rev-parse dev
> git rev-parse --symbolic-full-name dev@{u}
> git rev-list --left-right dev...refs/remotes/origin/dev
> git for-each-ref --format %(refname) %(objectname) --sort -committerdate
> git remote --verbose
Failed to watch ref '/home/iac-terraform-cloudbuild/solutions-terraform-cloudbuild-gitops/.git/refs/remotes/origin/dev', is most likely packed.
Error: ENOENT: no such file or directory, watch '/home/iac-terraform-cloudbuild/solutions-terraform-cloudbuild-gitops/.git/refs/remotes/origin/dev'
	at FSWatcher.start (internal/fs/watchers.js:164:26)
	at Object.watch (fs.js:1232:11)
	at Object.t.watch (/usr/share/code/resources/app/extensions/git/dist/main.js:1:6950)
	at E.updateTransientWatchers (/usr/share/code/resources/app/extensions/git/dist/main.js:1:97463)
	at u.fire (/usr/share/code/resources/app/out/vs/workbench/services/extensions/node/extensionHostProcess.js:50:227)
	at T.updateModelState (/usr/share/code/resources/app/extensions/git/dist/main.js:1:114843)
> git status -z -u
> git symbolic-ref --short HEAD
> git rev-parse dev
> git rev-parse --symbolic-full-name dev@{u}
> git rev-list --left-right dev...refs/remotes/origin/dev
> git for-each-ref --format %(refname) %(objectname) --sort -committerdate
> git remote --verbose
Failed to watch ref '/home/iac-terraform-cloudbuild/solutions-terraform-cloudbuild-gitops/.git/refs/remotes/origin/dev', is most likely packed.
Error: ENOENT: no such file or directory, watch '/home/iac-terraform-cloudbuild/solutions-terraform-cloudbuild-gitops/.git/refs/remotes/origin/dev'
	at FSWatcher.start (internal/fs/watchers.js:164:26)
	at Object.watch (fs.js:1232:11)
	at Object.t.watch (/usr/share/code/resources/app/extensions/git/dist/main.js:1:6950)
	at E.updateTransientWatchers (/usr/share/code/resources/app/extensions/git/dist/main.js:1:97463)
	at u.fire (/usr/share/code/resources/app/out/vs/workbench/services/extensions/node/extensionHostProcess.js:50:227)
	at T.updateModelState (/usr/share/code/resources/app/extensions/git/dist/main.js:1:114843)
> git status -z -u
> git symbolic-ref --short HEAD
> git rev-parse dev
> git rev-parse --symbolic-full-name dev@{u}
> git rev-list --left-right dev...refs/remotes/origin/dev
> git for-each-ref --format %(refname) %(objectname) --sort -committerdate
> git remote --verbose
Failed to watch ref '/home/iac-terraform-cloudbuild/solutions-terraform-cloudbuild-gitops/.git/refs/remotes/origin/dev', is most likely packed.
Error: ENOENT: no such file or directory, watch '/home/iac-terraform-cloudbuild/solutions-terraform-cloudbuild-gitops/.git/refs/remotes/origin/dev'
	at FSWatcher.start (internal/fs/watchers.js:164:26)
	at Object.watch (fs.js:1232:11)
	at Object.t.watch (/usr/share/code/resources/app/extensions/git/dist/main.js:1:6950)
	at E.updateTransientWatchers (/usr/share/code/resources/app/extensions/git/dist/main.js:1:97463)
	at u.fire (/usr/share/code/resources/app/out/vs/workbench/services/extensions/node/extensionHostProcess.js:50:227)
	at T.updateModelState (/usr/share/code/resources/app/extensions/git/dist/main.js:1:114843)
> git status -z -u
> git symbolic-ref --short HEAD
> git rev-parse dev
> git rev-parse --symbolic-full-name dev@{u}
> git rev-list --left-right dev...refs/remotes/origin/dev
> git for-each-ref --format %(refname) %(objectname) --sort -committerdate
> git remote --verbose
Failed to watch ref '/home/iac-terraform-cloudbuild/solutions-terraform-cloudbuild-gitops/.git/refs/remotes/origin/dev', is most likely packed.
Error: ENOENT: no such file or directory, watch '/home/iac-terraform-cloudbuild/solutions-terraform-cloudbuild-gitops/.git/refs/remotes/origin/dev'
	at FSWatcher.start (internal/fs/watchers.js:164:26)
	at Object.watch (fs.js:1232:11)
	at Object.t.watch (/usr/share/code/resources/app/extensions/git/dist/main.js:1:6950)
	at E.updateTransientWatchers (/usr/share/code/resources/app/extensions/git/dist/main.js:1:97463)
	at u.fire (/usr/share/code/resources/app/out/vs/workbench/services/extensions/node/extensionHostProcess.js:50:227)
	at T.updateModelState (/usr/share/code/resources/app/extensions/git/dist/main.js:1:114843)
> git status -z -u
> git symbolic-ref --short HEAD
> git rev-parse dev
> git rev-parse --symbolic-full-name dev@{u}
> git rev-list --left-right dev...refs/remotes/origin/dev
> git for-each-ref --format %(refname) %(objectname) --sort -committerdate
> git remote --verbose
Failed to watch ref '/home/iac-terraform-cloudbuild/solutions-terraform-cloudbuild-gitops/.git/refs/remotes/origin/dev', is most likely packed.
Error: ENOENT: no such file or directory, watch '/home/iac-terraform-cloudbuild/solutions-terraform-cloudbuild-gitops/.git/refs/remotes/origin/dev'
	at FSWatcher.start (internal/fs/watchers.js:164:26)
	at Object.watch (fs.js:1232:11)
	at Object.t.watch (/usr/share/code/resources/app/extensions/git/dist/main.js:1:6950)
	at E.updateTransientWatchers (/usr/share/code/resources/app/extensions/git/dist/main.js:1:97463)
	at u.fire (/usr/share/code/resources/app/out/vs/workbench/services/extensions/node/extensionHostProcess.js:50:227)
	at T.updateModelState (/usr/share/code/resources/app/extensions/git/dist/main.js:1:114843)
> git status -z -u
> git symbolic-ref --short HEAD
> git rev-parse dev
> git rev-parse --symbolic-full-name dev@{u}
> git rev-list --left-right dev...refs/remotes/origin/dev
> git for-each-ref --format %(refname) %(objectname) --sort -committerdate
> git remote --verbose
Failed to watch ref '/home/iac-terraform-cloudbuild/solutions-terraform-cloudbuild-gitops/.git/refs/remotes/origin/dev', is most likely packed.
Error: ENOENT: no such file or directory, watch '/home/iac-terraform-cloudbuild/solutions-terraform-cloudbuild-gitops/.git/refs/remotes/origin/dev'
	at FSWatcher.start (internal/fs/watchers.js:164:26)
	at Object.watch (fs.js:1232:11)
	at Object.t.watch (/usr/share/code/resources/app/extensions/git/dist/main.js:1:6950)
	at E.updateTransientWatchers (/usr/share/code/resources/app/extensions/git/dist/main.js:1:97463)
	at u.fire (/usr/share/code/resources/app/out/vs/workbench/services/extensions/node/extensionHostProcess.js:50:227)
	at T.updateModelState (/usr/share/code/resources/app/extensions/git/dist/main.js:1:114843)
> git status -z -u
> git symbolic-ref --short HEAD
> git rev-parse dev
> git rev-parse --symbolic-full-name dev@{u}
> git rev-list --left-right dev...refs/remotes/origin/dev
> git for-each-ref --format %(refname) %(objectname) --sort -committerdate
> git remote --verbose
Failed to watch ref '/home/iac-terraform-cloudbuild/solutions-terraform-cloudbuild-gitops/.git/refs/remotes/origin/dev', is most likely packed.
Error: ENOENT: no such file or directory, watch '/home/iac-terraform-cloudbuild/solutions-terraform-cloudbuild-gitops/.git/refs/remotes/origin/dev'
	at FSWatcher.start (internal/fs/watchers.js:164:26)
	at Object.watch (fs.js:1232:11)
	at Object.t.watch (/usr/share/code/resources/app/extensions/git/dist/main.js:1:6950)
	at E.updateTransientWatchers (/usr/share/code/resources/app/extensions/git/dist/main.js:1:97463)
	at u.fire (/usr/share/code/resources/app/out/vs/workbench/services/extensions/node/extensionHostProcess.js:50:227)
	at T.updateModelState (/usr/share/code/resources/app/extensions/git/dist/main.js:1:114843)
> git show :environments/dev/terraform.tfvars
> git status -z -u
> git symbolic-ref --short HEAD
> git rev-parse dev
> git rev-parse --symbolic-full-name dev@{u}
> git rev-list --left-right dev...refs/remotes/origin/dev
> git for-each-ref --format %(refname) %(objectname) --sort -committerdate
> git remote --verbose
Failed to watch ref '/home/iac-terraform-cloudbuild/solutions-terraform-cloudbuild-gitops/.git/refs/remotes/origin/dev', is most likely packed.
Error: ENOENT: no such file or directory, watch '/home/iac-terraform-cloudbuild/solutions-terraform-cloudbuild-gitops/.git/refs/remotes/origin/dev'
	at FSWatcher.start (internal/fs/watchers.js:164:26)
	at Object.watch (fs.js:1232:11)
	at Object.t.watch (/usr/share/code/resources/app/extensions/git/dist/main.js:1:6950)
	at E.updateTransientWatchers (/usr/share/code/resources/app/extensions/git/dist/main.js:1:97463)
	at u.fire (/usr/share/code/resources/app/out/vs/workbench/services/extensions/node/extensionHostProcess.js:50:227)
	at T.updateModelState (/usr/share/code/resources/app/extensions/git/dist/main.js:1:114843)
> git status -z -u
> git symbolic-ref --short HEAD
> git rev-parse dev
> git rev-parse --symbolic-full-name dev@{u}
> git rev-list --left-right dev...refs/remotes/origin/dev
> git for-each-ref --format %(refname) %(objectname) --sort -committerdate
> git remote --verbose
Failed to watch ref '/home/iac-terraform-cloudbuild/solutions-terraform-cloudbuild-gitops/.git/refs/remotes/origin/dev', is most likely packed.
Error: ENOENT: no such file or directory, watch '/home/iac-terraform-cloudbuild/solutions-terraform-cloudbuild-gitops/.git/refs/remotes/origin/dev'
	at FSWatcher.start (internal/fs/watchers.js:164:26)
	at Object.watch (fs.js:1232:11)
	at Object.t.watch (/usr/share/code/resources/app/extensions/git/dist/main.js:1:6950)
	at E.updateTransientWatchers (/usr/share/code/resources/app/extensions/git/dist/main.js:1:97463)
	at u.fire (/usr/share/code/resources/app/out/vs/workbench/services/extensions/node/extensionHostProcess.js:50:227)
	at T.updateModelState (/usr/share/code/resources/app/extensions/git/dist/main.js:1:114843)
> git check-ignore -v -z --stdin
> git show :environments/prod/backend.tf
> git status -z -u
> git symbolic-ref --short HEAD
> git rev-parse dev
> git rev-parse --symbolic-full-name dev@{u}
> git rev-list --left-right dev...refs/remotes/origin/dev
> git for-each-ref --format %(refname) %(objectname) --sort -committerdate
> git remote --verbose
Failed to watch ref '/home/iac-terraform-cloudbuild/solutions-terraform-cloudbuild-gitops/.git/refs/remotes/origin/dev', is most likely packed.
Error: ENOENT: no such file or directory, watch '/home/iac-terraform-cloudbuild/solutions-terraform-cloudbuild-gitops/.git/refs/remotes/origin/dev'
	at FSWatcher.start (internal/fs/watchers.js:164:26)
	at Object.watch (fs.js:1232:11)
	at Object.t.watch (/usr/share/code/resources/app/extensions/git/dist/main.js:1:6950)
	at E.updateTransientWatchers (/usr/share/code/resources/app/extensions/git/dist/main.js:1:97463)
	at u.fire (/usr/share/code/resources/app/out/vs/workbench/services/extensions/node/extensionHostProcess.js:50:227)
	at T.updateModelState (/usr/share/code/resources/app/extensions/git/dist/main.js:1:114843)
> git status -z -u
> git symbolic-ref --short HEAD
> git rev-parse dev
> git rev-parse --symbolic-full-name dev@{u}
> git rev-list --left-right dev...refs/remotes/origin/dev
> git for-each-ref --format %(refname) %(objectname) --sort -committerdate
> git remote --verbose
Failed to watch ref '/home/iac-terraform-cloudbuild/solutions-terraform-cloudbuild-gitops/.git/refs/remotes/origin/dev', is most likely packed.
Error: ENOENT: no such file or directory, watch '/home/iac-terraform-cloudbuild/solutions-terraform-cloudbuild-gitops/.git/refs/remotes/origin/dev'
	at FSWatcher.start (internal/fs/watchers.js:164:26)
	at Object.watch (fs.js:1232:11)
	at Object.t.watch (/usr/share/code/resources/app/extensions/git/dist/main.js:1:6950)
	at E.updateTransientWatchers (/usr/share/code/resources/app/extensions/git/dist/main.js:1:97463)
	at u.fire (/usr/share/code/resources/app/out/vs/workbench/services/extensions/node/extensionHostProcess.js:50:227)
	at T.updateModelState (/usr/share/code/resources/app/extensions/git/dist/main.js:1:114843)
> git status -z -u
> git symbolic-ref --short HEAD
> git rev-parse dev
> git rev-parse --symbolic-full-name dev@{u}
> git rev-list --left-right dev...refs/remotes/origin/dev
> git for-each-ref --format %(refname) %(objectname) --sort -committerdate
> git remote --verbose
Failed to watch ref '/home/iac-terraform-cloudbuild/solutions-terraform-cloudbuild-gitops/.git/refs/remotes/origin/dev', is most likely packed.
Error: ENOENT: no such file or directory, watch '/home/iac-terraform-cloudbuild/solutions-terraform-cloudbuild-gitops/.git/refs/remotes/origin/dev'
	at FSWatcher.start (internal/fs/watchers.js:164:26)
	at Object.watch (fs.js:1232:11)
	at Object.t.watch (/usr/share/code/resources/app/extensions/git/dist/main.js:1:6950)
	at E.updateTransientWatchers (/usr/share/code/resources/app/extensions/git/dist/main.js:1:97463)
	at u.fire (/usr/share/code/resources/app/out/vs/workbench/services/extensions/node/extensionHostProcess.js:50:227)
	at T.updateModelState (/usr/share/code/resources/app/extensions/git/dist/main.js:1:114843)
> git status -z -u
> git symbolic-ref --short HEAD
> git rev-parse dev
> git rev-parse --symbolic-full-name dev@{u}
> git rev-list --left-right dev...refs/remotes/origin/dev
> git for-each-ref --format %(refname) %(objectname) --sort -committerdate
> git remote --verbose
Failed to watch ref '/home/iac-terraform-cloudbuild/solutions-terraform-cloudbuild-gitops/.git/refs/remotes/origin/dev', is most likely packed.
Error: ENOENT: no such file or directory, watch '/home/iac-terraform-cloudbuild/solutions-terraform-cloudbuild-gitops/.git/refs/remotes/origin/dev'
	at FSWatcher.start (internal/fs/watchers.js:164:26)
	at Object.watch (fs.js:1232:11)
	at Object.t.watch (/usr/share/code/resources/app/extensions/git/dist/main.js:1:6950)
	at E.updateTransientWatchers (/usr/share/code/resources/app/extensions/git/dist/main.js:1:97463)
	at u.fire (/usr/share/code/resources/app/out/vs/workbench/services/extensions/node/extensionHostProcess.js:50:227)
	at T.updateModelState (/usr/share/code/resources/app/extensions/git/dist/main.js:1:114843)
> git status -z -u
> git symbolic-ref --short HEAD
> git rev-parse dev
> git rev-parse --symbolic-full-name dev@{u}
> git rev-list --left-right dev...refs/remotes/origin/dev
> git for-each-ref --format %(refname) %(objectname) --sort -committerdate
> git remote --verbose
Failed to watch ref '/home/iac-terraform-cloudbuild/solutions-terraform-cloudbuild-gitops/.git/refs/remotes/origin/dev', is most likely packed.
Error: ENOENT: no such file or directory, watch '/home/iac-terraform-cloudbuild/solutions-terraform-cloudbuild-gitops/.git/refs/remotes/origin/dev'
	at FSWatcher.start (internal/fs/watchers.js:164:26)
	at Object.watch (fs.js:1232:11)
	at Object.t.watch (/usr/share/code/resources/app/extensions/git/dist/main.js:1:6950)
	at E.updateTransientWatchers (/usr/share/code/resources/app/extensions/git/dist/main.js:1:97463)
	at u.fire (/usr/share/code/resources/app/out/vs/workbench/services/extensions/node/extensionHostProcess.js:50:227)
	at T.updateModelState (/usr/share/code/resources/app/extensions/git/dist/main.js:1:114843)
> git show :environments/prod/terraform.tfvars
> git status -z -u
> git symbolic-ref --short HEAD
> git rev-parse dev
> git rev-parse --symbolic-full-name dev@{u}
> git rev-list --left-right dev...refs/remotes/origin/dev
> git for-each-ref --format %(refname) %(objectname) --sort -committerdate
> git remote --verbose
Failed to watch ref '/home/iac-terraform-cloudbuild/solutions-terraform-cloudbuild-gitops/.git/refs/remotes/origin/dev', is most likely packed.
Error: ENOENT: no such file or directory, watch '/home/iac-terraform-cloudbuild/solutions-terraform-cloudbuild-gitops/.git/refs/remotes/origin/dev'
	at FSWatcher.start (internal/fs/watchers.js:164:26)
	at Object.watch (fs.js:1232:11)
	at Object.t.watch (/usr/share/code/resources/app/extensions/git/dist/main.js:1:6950)
	at E.updateTransientWatchers (/usr/share/code/resources/app/extensions/git/dist/main.js:1:97463)
	at u.fire (/usr/share/code/resources/app/out/vs/workbench/services/extensions/node/extensionHostProcess.js:50:227)
	at T.updateModelState (/usr/share/code/resources/app/extensions/git/dist/main.js:1:114843)
> git status -z -u
> git symbolic-ref --short HEAD
> git rev-parse dev
> git rev-parse --symbolic-full-name dev@{u}
> git rev-list --left-right dev...refs/remotes/origin/dev
> git for-each-ref --format %(refname) %(objectname) --sort -committerdate
> git remote --verbose
Failed to watch ref '/home/iac-terraform-cloudbuild/solutions-terraform-cloudbuild-gitops/.git/refs/remotes/origin/dev', is most likely packed.
Error: ENOENT: no such file or directory, watch '/home/iac-terraform-cloudbuild/solutions-terraform-cloudbuild-gitops/.git/refs/remotes/origin/dev'
	at FSWatcher.start (internal/fs/watchers.js:164:26)
	at Object.watch (fs.js:1232:11)
	at Object.t.watch (/usr/share/code/resources/app/extensions/git/dist/main.js:1:6950)
	at E.updateTransientWatchers (/usr/share/code/resources/app/extensions/git/dist/main.js:1:97463)
	at u.fire (/usr/share/code/resources/app/out/vs/workbench/services/extensions/node/extensionHostProcess.js:50:227)
	at T.updateModelState (/usr/share/code/resources/app/extensions/git/dist/main.js:1:114843)
